<test-run id="2" duration="5.3220399" testcasecount="4" total="4" passed="4" failed="0" inconclusive="0" skipped="0" result="Passed" start-time="2023-10-31T 15:50:59Z" end-time="2023-10-31T 15:51:03Z">
  <test-suite type="Assembly" name="framework.dll" fullname="C:\Frameworks\Playwright.NET\framework\bin\Debug\net7.0\framework.dll" total="4" passed="4" failed="0" inconclusive="0" skipped="0" result="Passed" start-time="2023-10-31T 15:50:59Z" end-time="2023-10-31T 15:51:03Z" duration="5.3220399">
    <test-suite type="TestSuite" name="framework" fullname="framework" total="4" passed="4" failed="0" inconclusive="0" skipped="0" result="Passed" start-time="2023-10-31T 15:50:59Z" end-time="2023-10-31T 15:51:03Z" duration="5.3220399">
      <test-suite type="TestFixture" name="CustomizeBrowser" fullname="framework.CustomizeBrowser" classname="framework.CustomizeBrowser" total="1" passed="1" failed="0" inconclusive="0" skipped="0" result="Passed" start-time="2023-10-31T 15:51:00Z" end-time="2023-10-31T 15:51:02Z" duration="1.587801">
        <test-case name="TestWithCustomContextOptions" fullname="framework.CustomizeBrowser.TestWithCustomContextOptions" methodname="TestWithCustomContextOptions" classname="CustomizeBrowser" result="Passed" start-time="2023-10-31T 15:51:00Z" end-time="2023-10-31T 15:51:02Z" duration="1.587801" asserts="0" seed="627176791" />
      </test-suite>
      <test-suite type="TestFixture" name="TestPlaywright" fullname="framework.TestPlaywright" classname="framework.TestPlaywright" total="1" passed="1" failed="0" inconclusive="0" skipped="0" result="Passed" start-time="2023-10-31T 15:51:00Z" end-time="2023-10-31T 15:51:02Z" duration="1.645073">
        <test-case name="HomepageHasPlaywrightInTitleAndGetStartedLinkLinkingtoTheIntroPage" fullname="framework.TestPlaywright.HomepageHasPlaywrightInTitleAndGetStartedLinkLinkingtoTheIntroPage" methodname="HomepageHasPlaywrightInTitleAndGetStartedLinkLinkingtoTheIntroPage" classname="TestPlaywright" result="Passed" start-time="2023-10-31T 15:51:00Z" end-time="2023-10-31T 15:51:02Z" duration="1.645073" asserts="0" seed="1690365980" />
      </test-suite>
      <test-suite type="TestFixture" name="Tests" fullname="framework.Tests" classname="framework.Tests" total="1" passed="1" failed="0" inconclusive="0" skipped="0" result="Passed" start-time="2023-10-31T 15:50:59Z" end-time="2023-10-31T 15:51:00Z" duration="1.456585">
        <test-case name="Test1" fullname="framework.Tests.Test1" methodname="Test1" classname="Tests" result="Passed" start-time="2023-10-31T 15:50:59Z" end-time="2023-10-31T 15:51:00Z" duration="1.456585" asserts="0" seed="1021118653" />
      </test-suite>
      <test-suite type="TestFixture" name="TraceViewer" fullname="framework.TraceViewer" classname="framework.TraceViewer" total="1" passed="1" failed="0" inconclusive="0" skipped="0" result="Passed" start-time="2023-10-31T 15:51:02Z" end-time="2023-10-31T 15:51:03Z" duration="0.6325809">
        <test-case name="TraceVieweExample" fullname="framework.TraceViewer.TraceVieweExample" methodname="TraceVieweExample" classname="TraceViewer" result="Passed" start-time="2023-10-31T 15:51:02Z" end-time="2023-10-31T 15:51:03Z" duration="0.6325809" asserts="0" seed="670618121" />
      </test-suite>
    </test-suite>
    <errors />
  </test-suite>
</test-run>