<test-run id="2" duration="31.507329000000002" testcasecount="7" total="7" passed="7" failed="0" inconclusive="0" skipped="0" result="Passed" start-time="2023-11-01T 20:41:10Z" end-time="2023-11-01T 20:41:39Z">
  <test-suite type="Assembly" name="framework.dll" fullname="C:\Frameworks\Playwright.NET\framework\bin\Debug\net7.0\framework.dll" total="7" passed="7" failed="0" inconclusive="0" skipped="0" result="Passed" start-time="2023-11-01T 20:41:11Z" end-time="2023-11-01T 20:41:39Z" duration="31.507329">
    <test-suite type="TestSuite" name="framework" fullname="framework" total="7" passed="7" failed="0" inconclusive="0" skipped="0" result="Passed" start-time="2023-11-01T 20:41:11Z" end-time="2023-11-01T 20:41:39Z" duration="31.507329">
      <test-suite type="TestFixture" name="CustomizeBrowser" fullname="framework.CustomizeBrowser" classname="framework.CustomizeBrowser" total="1" passed="1" failed="0" inconclusive="0" skipped="0" result="Passed" start-time="2023-11-01T 20:41:32Z" end-time="2023-11-01T 20:41:35Z" duration="3.44058">
        <test-case name="TestWithCustomContextOptions" fullname="framework.CustomizeBrowser.TestWithCustomContextOptions" methodname="TestWithCustomContextOptions" classname="CustomizeBrowser" result="Passed" start-time="2023-11-01T 20:41:32Z" end-time="2023-11-01T 20:41:35Z" duration="3.44058" asserts="0" seed="427852098" />
      </test-suite>
      <test-suite type="TestFixture" name="TestPlaywright" fullname="framework.TestPlaywright" classname="framework.TestPlaywright" total="1" passed="1" failed="0" inconclusive="0" skipped="0" result="Passed" start-time="2023-11-01T 20:41:32Z" end-time="2023-11-01T 20:41:36Z" duration="4.02669">
        <test-case name="HomepageHasPlaywrightInTitleAndGetStartedLinkLinkingtoTheIntroPage" fullname="framework.TestPlaywright.HomepageHasPlaywrightInTitleAndGetStartedLinkLinkingtoTheIntroPage" methodname="HomepageHasPlaywrightInTitleAndGetStartedLinkLinkingtoTheIntroPage" classname="TestPlaywright" result="Passed" start-time="2023-11-01T 20:41:32Z" end-time="2023-11-01T 20:41:36Z" duration="4.02669" asserts="0" seed="874394913" />
      </test-suite>
      <test-suite type="TestFixture" name="Tests" fullname="framework.Tests" classname="framework.Tests" total="1" passed="1" failed="0" inconclusive="0" skipped="0" result="Passed" start-time="2023-11-01T 20:41:11Z" end-time="2023-11-01T 20:41:32Z" duration="21.344086">
        <test-case name="Test1" fullname="framework.Tests.Test1" methodname="Test1" classname="Tests" result="Passed" start-time="2023-11-01T 20:41:11Z" end-time="2023-11-01T 20:41:32Z" duration="21.344086" asserts="0" seed="37922220" />
      </test-suite>
      <test-suite type="TestFixture" name="TraceViewer" fullname="framework.TraceViewer" classname="framework.TraceViewer" total="4" passed="4" failed="0" inconclusive="0" skipped="0" result="Passed" start-time="2023-11-01T 20:41:36Z" end-time="2023-11-01T 20:41:39Z" duration="2.695973">
        <test-case name="QaTeamDemo" fullname="framework.TraceViewer.QaTeamDemo" methodname="QaTeamDemo" classname="TraceViewer" result="Passed" start-time="2023-11-01T 20:41:36Z" end-time="2023-11-01T 20:41:36Z" duration="0.003024" asserts="0" seed="1859315615">
          <output><![CDATA[QaTeamDemo

]]></output>
        </test-case>
        <test-case name="TestDemoCarlos" fullname="framework.TraceViewer.TestDemoCarlos" methodname="TestDemoCarlos" classname="TraceViewer" result="Passed" start-time="2023-11-01T 20:41:36Z" end-time="2023-11-01T 20:41:36Z" duration="0.00621" asserts="0" seed="726255159">
          <output><![CDATA[Hello World

]]></output>
        </test-case>
        <test-case name="TestNightAlex" fullname="framework.TraceViewer.TestNightAlex" methodname="TestNightAlex" classname="TraceViewer" result="Passed" start-time="2023-11-01T 20:41:36Z" end-time="2023-11-01T 20:41:36Z" duration="0.000807" asserts="0" seed="1394643055">
          <output><![CDATA[Hello World

]]></output>
        </test-case>
        <test-case name="TraceVieweExample" fullname="framework.TraceViewer.TraceVieweExample" methodname="TraceVieweExample" classname="TraceViewer" result="Passed" start-time="2023-11-01T 20:41:36Z" end-time="2023-11-01T 20:41:39Z" duration="2.685932" asserts="0" seed="1883345736" />
      </test-suite>
    </test-suite>
    <errors />
  </test-suite>
</test-run>