<test-run id="2" duration="8.948005" testcasecount="4" total="4" passed="4" failed="0" inconclusive="0" skipped="0" result="Passed" start-time="2023-10-31T 23:16:50Z" end-time="2023-10-31T 23:16:57Z">
  <test-suite type="Assembly" name="framework.dll" fullname="C:\Frameworks\Playwright.NET\framework\bin\Debug\net7.0\framework.dll" total="4" passed="4" failed="0" inconclusive="0" skipped="0" result="Passed" start-time="2023-10-31T 23:16:51Z" end-time="2023-10-31T 23:16:57Z" duration="8.948005">
    <test-suite type="TestSuite" name="framework" fullname="framework" total="4" passed="4" failed="0" inconclusive="0" skipped="0" result="Passed" start-time="2023-10-31T 23:16:51Z" end-time="2023-10-31T 23:16:57Z" duration="8.948005">
      <test-suite type="TestFixture" name="CustomizeBrowser" fullname="framework.CustomizeBrowser" classname="framework.CustomizeBrowser" total="1" passed="1" failed="0" inconclusive="0" skipped="0" result="Passed" start-time="2023-10-31T 23:16:53Z" end-time="2023-10-31T 23:16:56Z" duration="2.554983">
        <test-case name="TestWithCustomContextOptions" fullname="framework.CustomizeBrowser.TestWithCustomContextOptions" methodname="TestWithCustomContextOptions" classname="CustomizeBrowser" result="Passed" start-time="2023-10-31T 23:16:53Z" end-time="2023-10-31T 23:16:56Z" duration="2.554983" asserts="0" seed="1117099039" />
      </test-suite>
      <test-suite type="TestFixture" name="TestPlaywright" fullname="framework.TestPlaywright" classname="framework.TestPlaywright" total="1" passed="1" failed="0" inconclusive="0" skipped="0" result="Passed" start-time="2023-10-31T 23:16:53Z" end-time="2023-10-31T 23:16:56Z" duration="2.568771">
        <test-case name="HomepageHasPlaywrightInTitleAndGetStartedLinkLinkingtoTheIntroPage" fullname="framework.TestPlaywright.HomepageHasPlaywrightInTitleAndGetStartedLinkLinkingtoTheIntroPage" methodname="HomepageHasPlaywrightInTitleAndGetStartedLinkLinkingtoTheIntroPage" classname="TestPlaywright" result="Passed" start-time="2023-10-31T 23:16:53Z" end-time="2023-10-31T 23:16:56Z" duration="2.568771" asserts="0" seed="697117471" />
      </test-suite>
      <test-suite type="TestFixture" name="Tests" fullname="framework.Tests" classname="framework.Tests" total="1" passed="1" failed="0" inconclusive="0" skipped="0" result="Passed" start-time="2023-10-31T 23:16:51Z" end-time="2023-10-31T 23:16:53Z" duration="2.908755">
        <test-case name="Test1" fullname="framework.Tests.Test1" methodname="Test1" classname="Tests" result="Passed" start-time="2023-10-31T 23:16:51Z" end-time="2023-10-31T 23:16:53Z" duration="2.908755" asserts="0" seed="1308686796" />
      </test-suite>
      <test-suite type="TestFixture" name="TraceViewer" fullname="framework.TraceViewer" classname="framework.TraceViewer" total="1" passed="1" failed="0" inconclusive="0" skipped="0" result="Passed" start-time="2023-10-31T 23:16:56Z" end-time="2023-10-31T 23:16:57Z" duration="0.915496">
        <test-case name="TraceVieweExample" fullname="framework.TraceViewer.TraceVieweExample" methodname="TraceVieweExample" classname="TraceViewer" result="Passed" start-time="2023-10-31T 23:16:56Z" end-time="2023-10-31T 23:16:57Z" duration="0.915496" asserts="0" seed="1067994557" />
      </test-suite>
    </test-suite>
    <errors />
  </test-suite>
</test-run>